<?xml version="1.0" encoding="UTF-8"?>
<!-- Generated by org.testng.reporters.JUnitXMLReporter -->
<testsuite ignored="8" hostname="TYSS-Shobha" failures="2" tests="6" name="Test" time="105.545" errors="0" timestamp="2024-10-23T08:00:10 IST">
  <testcase classname="Campagins.CreateCampaignsTest" name="createCampaignsTest" time="8.549">
    <skipped/>
  </testcase> <!-- createCampaignsTest -->
  <testcase classname="Campagins.CreateCampaignsTest" name="createCampaignsTest" time="8.409">
    <skipped/>
  </testcase> <!-- createCampaignsTest -->
  <testcase classname="Campagins.CreateCampaignsTest" name="createCampaignsTest" time="7.719">
    <skipped/>
  </testcase> <!-- createCampaignsTest -->
  <testcase classname="Campagins.CreateCampaignsTest" name="createCampaignsTest" time="7.712">
    <failure type="java.lang.AssertionError" message="Im Failing the script">
      <![CDATA[java.lang.AssertionError: Im Failing the script
at Campagins.CreateCampaignsTest.createCampaignsTest(CreateCampaignsTest.java:57)
at java.base/java.util.ArrayList.forEach(ArrayList.java:1511)
... Removed 28 stack frames]]>
    </failure>
  </testcase> <!-- createCampaignsTest -->
  <testcase classname="Organization.CreateOrganizationTest" name="createOrganizationTest" time="19.549"/>
  <testcase classname="Product.CreateProductTest" name="CreateProductTest" time="7.971">
    <failure type="java.lang.AssertionError" message="Im failing the script">
      <![CDATA[java.lang.AssertionError: Im failing the script
at Product.CreateProductTest.CreateProductTest(CreateProductTest.java:54)
at java.base/java.util.ArrayList.forEach(ArrayList.java:1511)
... Removed 28 stack frames]]>
    </failure>
  </testcase> <!-- CreateProductTest -->
  <testcase classname="Generic_Utility.BaseClass" name="@AfterTest at" time="0.0">
    <ignored/>
  </testcase> <!-- @AfterTest at -->
  <testcase classname="Generic_Utility.BaseClass" name="@BeforeSuite bs" time="0.0">
    <ignored/>
  </testcase> <!-- @BeforeSuite bs -->
  <testcase classname="Generic_Utility.BaseClass" name="@BeforeTest bt" time="0.0">
    <ignored/>
  </testcase> <!-- @BeforeTest bt -->
  <testcase classname="Generic_Utility.BaseClass" name="@AfterSuite as" time="0.0">
    <ignored/>
  </testcase> <!-- @AfterSuite as -->
  <testcase classname="Generic_Utility.BaseClass" name="@AfterTest at" time="0.0">
    <ignored/>
  </testcase> <!-- @AfterTest at -->
  <testcase classname="Generic_Utility.BaseClass" name="@BeforeSuite bs" time="0.0">
    <ignored/>
  </testcase> <!-- @BeforeSuite bs -->
  <testcase classname="Generic_Utility.BaseClass" name="@BeforeTest bt" time="0.0">
    <ignored/>
  </testcase> <!-- @BeforeTest bt -->
  <testcase classname="Generic_Utility.BaseClass" name="@AfterSuite as" time="0.0">
    <ignored/>
  </testcase> <!-- @AfterSuite as -->
</testsuite> <!-- Test -->
